-------------------------------------------------------------------------------
Test set: br.espm.cambio.CambioApplicationTests
-------------------------------------------------------------------------------
Tests run: 1, Failures: 0, Errors: 1, Skipped: 0, Time elapsed: 5.125 s <<< FAILURE! - in br.espm.cambio.CambioApplicationTests
contextLoads  Time elapsed: 0.002 s  <<< ERROR!
java.lang.IllegalStateException: Failed to load ApplicationContext
Caused by: org.springframework.beans.factory.UnsatisfiedDependencyException: Error creating bean with name 'cambioResource': Unsatisfied dependency expressed through field 'cotacaoService'; nested exception is org.springframework.beans.factory.UnsatisfiedDependencyException: Error creating bean with name 'cotacaoService': Unsatisfied dependency expressed through field 'cotacaoRepository'; nested exception is org.springframework.beans.factory.BeanCreationException: Error creating bean with name 'cotacaoRepository' defined in br.espm.cambio.CotacaoRepository defined in @EnableJpaRepositories declared on JpaRepositoriesRegistrar.EnableJpaRepositoriesConfiguration: Invocation of init method failed; nested exception is org.springframework.data.repository.query.QueryCreationException: Could not create query for public abstract java.util.List br.espm.cambio.CotacaoRepository.listBy(java.lang.String,java.util.Date,java.util.Date)! Reason: Using named parameters for method public abstract java.util.List br.espm.cambio.CotacaoRepository.listBy(java.lang.String,java.util.Date,java.util.Date) but parameter 'Optional[id_Moeda]' not found in annotated query 'SELECT c FROM CotacaoModel c WHERE (c.idMoeda is null or c.idMoeda = :idMoeda) AND (c.dt_Data is null or c.dt_Data >= :dtInicio) AND (c.dt_Data is null or c.dt_Data <= :dtFim)'!; nested exception is java.lang.IllegalStateException: Using named parameters for method public abstract java.util.List br.espm.cambio.CotacaoRepository.listBy(java.lang.String,java.util.Date,java.util.Date) but parameter 'Optional[id_Moeda]' not found in annotated query 'SELECT c FROM CotacaoModel c WHERE (c.idMoeda is null or c.idMoeda = :idMoeda) AND (c.dt_Data is null or c.dt_Data >= :dtInicio) AND (c.dt_Data is null or c.dt_Data <= :dtFim)'!
Caused by: org.springframework.beans.factory.UnsatisfiedDependencyException: Error creating bean with name 'cotacaoService': Unsatisfied dependency expressed through field 'cotacaoRepository'; nested exception is org.springframework.beans.factory.BeanCreationException: Error creating bean with name 'cotacaoRepository' defined in br.espm.cambio.CotacaoRepository defined in @EnableJpaRepositories declared on JpaRepositoriesRegistrar.EnableJpaRepositoriesConfiguration: Invocation of init method failed; nested exception is org.springframework.data.repository.query.QueryCreationException: Could not create query for public abstract java.util.List br.espm.cambio.CotacaoRepository.listBy(java.lang.String,java.util.Date,java.util.Date)! Reason: Using named parameters for method public abstract java.util.List br.espm.cambio.CotacaoRepository.listBy(java.lang.String,java.util.Date,java.util.Date) but parameter 'Optional[id_Moeda]' not found in annotated query 'SELECT c FROM CotacaoModel c WHERE (c.idMoeda is null or c.idMoeda = :idMoeda) AND (c.dt_Data is null or c.dt_Data >= :dtInicio) AND (c.dt_Data is null or c.dt_Data <= :dtFim)'!; nested exception is java.lang.IllegalStateException: Using named parameters for method public abstract java.util.List br.espm.cambio.CotacaoRepository.listBy(java.lang.String,java.util.Date,java.util.Date) but parameter 'Optional[id_Moeda]' not found in annotated query 'SELECT c FROM CotacaoModel c WHERE (c.idMoeda is null or c.idMoeda = :idMoeda) AND (c.dt_Data is null or c.dt_Data >= :dtInicio) AND (c.dt_Data is null or c.dt_Data <= :dtFim)'!
Caused by: org.springframework.beans.factory.BeanCreationException: Error creating bean with name 'cotacaoRepository' defined in br.espm.cambio.CotacaoRepository defined in @EnableJpaRepositories declared on JpaRepositoriesRegistrar.EnableJpaRepositoriesConfiguration: Invocation of init method failed; nested exception is org.springframework.data.repository.query.QueryCreationException: Could not create query for public abstract java.util.List br.espm.cambio.CotacaoRepository.listBy(java.lang.String,java.util.Date,java.util.Date)! Reason: Using named parameters for method public abstract java.util.List br.espm.cambio.CotacaoRepository.listBy(java.lang.String,java.util.Date,java.util.Date) but parameter 'Optional[id_Moeda]' not found in annotated query 'SELECT c FROM CotacaoModel c WHERE (c.idMoeda is null or c.idMoeda = :idMoeda) AND (c.dt_Data is null or c.dt_Data >= :dtInicio) AND (c.dt_Data is null or c.dt_Data <= :dtFim)'!; nested exception is java.lang.IllegalStateException: Using named parameters for method public abstract java.util.List br.espm.cambio.CotacaoRepository.listBy(java.lang.String,java.util.Date,java.util.Date) but parameter 'Optional[id_Moeda]' not found in annotated query 'SELECT c FROM CotacaoModel c WHERE (c.idMoeda is null or c.idMoeda = :idMoeda) AND (c.dt_Data is null or c.dt_Data >= :dtInicio) AND (c.dt_Data is null or c.dt_Data <= :dtFim)'!
Caused by: org.springframework.data.repository.query.QueryCreationException: Could not create query for public abstract java.util.List br.espm.cambio.CotacaoRepository.listBy(java.lang.String,java.util.Date,java.util.Date)! Reason: Using named parameters for method public abstract java.util.List br.espm.cambio.CotacaoRepository.listBy(java.lang.String,java.util.Date,java.util.Date) but parameter 'Optional[id_Moeda]' not found in annotated query 'SELECT c FROM CotacaoModel c WHERE (c.idMoeda is null or c.idMoeda = :idMoeda) AND (c.dt_Data is null or c.dt_Data >= :dtInicio) AND (c.dt_Data is null or c.dt_Data <= :dtFim)'!; nested exception is java.lang.IllegalStateException: Using named parameters for method public abstract java.util.List br.espm.cambio.CotacaoRepository.listBy(java.lang.String,java.util.Date,java.util.Date) but parameter 'Optional[id_Moeda]' not found in annotated query 'SELECT c FROM CotacaoModel c WHERE (c.idMoeda is null or c.idMoeda = :idMoeda) AND (c.dt_Data is null or c.dt_Data >= :dtInicio) AND (c.dt_Data is null or c.dt_Data <= :dtFim)'!
Caused by: java.lang.IllegalStateException: Using named parameters for method public abstract java.util.List br.espm.cambio.CotacaoRepository.listBy(java.lang.String,java.util.Date,java.util.Date) but parameter 'Optional[id_Moeda]' not found in annotated query 'SELECT c FROM CotacaoModel c WHERE (c.idMoeda is null or c.idMoeda = :idMoeda) AND (c.dt_Data is null or c.dt_Data >= :dtInicio) AND (c.dt_Data is null or c.dt_Data <= :dtFim)'!

